  pch.cpp
  AI.cpp
g:\c++\shnake\shnake\ai.cpp(15): warning C4244: 'argument': conversion from 'time_t' to 'unsigned int', possible loss of data
  GUI.cpp
g:\c++\shnake\shnake\gui.cpp(69): warning C4018: '<': signed/unsigned mismatch
  Shnake.cpp
  captain.cpp
g:\c++\shnake\shnake\captain.cpp(15): warning C4018: '<': signed/unsigned mismatch
g:\c++\shnake\shnake\captain.cpp(16): warning C4018: '<': signed/unsigned mismatch
g:\c++\shnake\shnake\captain.cpp(20): warning C4018: '<': signed/unsigned mismatch
  console.cpp
  field.cpp
  game.cpp
  player.cpp
  preview.cpp
  Generating code
  0 of 275 functions ( 0.0%) were compiled, the rest were copied from previous compilation.
    0 functions were new in current compilation
    0 functions had inline decision re-evaluated but remain unchanged
  Finished generating code
  Shnake.vcxproj -> G:\C++\Shnake\Release\Shnake.exe
